<?xml version="1.0" encoding="UTF-8"?>
<!-- Generated by org.testng.reporters.JUnitReportReporter -->
<testsuite hostname="funcn003278" failures="0" tests="1" name="execution.login.Login" time="32.330" errors="0" timestamp="24 Sep 2020 15:39:36 GMT">
  <testcase classname="execution.login.Login" name="realizarLoginComSucesso" time="32.330"/>
</testsuite> <!-- execution.login.Login -->
